build/outputs/logs/manifest-merger-release-report.txt
-- Merging decision tree log ---
manifest
ADDED from project/flowzr-android-black/AndroidManifest.xml:14:1-377:12
	xmlns:android
		ADDED from project/flowzr-android-black/AndroidManifest.xml:14:11-69
	package
		ADDED from project/flowzr-android-black/AndroidManifest.xml:15:5-25
	android:versionName
		ADDED from project/flowzr-android-black/AndroidManifest.xml:15:26-53
	android:versionCode
		ADDED from project/flowzr-android-black/AndroidManifest.xml:15:54-79
		INJECTED from project/flowzr-android-black/AndroidManifest.xml
		INJECTED from project/flowzr-android-black/AndroidManifest.xml
	android:installLocation
		ADDED from project/flowzr-android-black/AndroidManifest.xml:16:5-43
uses-feature#0x00020000
ADDED from project/flowzr-android-black/AndroidManifest.xml:19:5-21:34
MERGED from [com.google.android.gms:play-services-maps:8.3.0] AndroidManifest.xml:22:5-24:33
	android:required
		ADDED from project/flowzr-android-black/AndroidManifest.xml:21:9-32
	android:glEsVersion
		ADDED from project/flowzr-android-black/AndroidManifest.xml:20:9-41
uses-permission#android.permission.GET_ACCOUNTS
ADDED from project/flowzr-android-black/AndroidManifest.xml:24:5-70
	android:name
		ADDED from project/flowzr-android-black/AndroidManifest.xml:24:22-68
uses-permission#android.permission.MANAGE_ACCOUNTS
ADDED from project/flowzr-android-black/AndroidManifest.xml:25:5-73
	android:name
		ADDED from project/flowzr-android-black/AndroidManifest.xml:25:22-71
uses-permission#android.permission.AUTHENTICATE_ACCOUNTS
ADDED from project/flowzr-android-black/AndroidManifest.xml:26:5-79
	android:name
		ADDED from project/flowzr-android-black/AndroidManifest.xml:26:22-77
uses-permission#android.permission.USE_CREDENTIALS
ADDED from project/flowzr-android-black/AndroidManifest.xml:27:5-73
	android:name
		ADDED from project/flowzr-android-black/AndroidManifest.xml:27:22-71
uses-sdk
ADDED from project/flowzr-android-black/AndroidManifest.xml:29:5-72
MERGED from [com.android.support:multidex:1.0.1] AndroidManifest.xml:18:5-42
MERGED from [com.android.support:appcompat-v7:23.1.1] AndroidManifest.xml:20:5-43
MERGED from [com.android.support:support-v4:23.1.1] AndroidManifest.xml:20:5-43
MERGED from [com.android.support:design:23.1.1] AndroidManifest.xml:20:5-43
MERGED from [com.android.support:appcompat-v7:23.1.1] AndroidManifest.xml:20:5-43
MERGED from [com.android.support:support-v4:23.1.1] AndroidManifest.xml:20:5-43
MERGED from [com.android.support:recyclerview-v7:23.1.1] AndroidManifest.xml:20:5-43
MERGED from [com.android.support:support-v4:23.1.1] AndroidManifest.xml:20:5-43
MERGED from [com.android.support:support-v4:23.1.1] AndroidManifest.xml:20:5-43
MERGED from [com.google.android.gms:play-services-base:8.3.0] AndroidManifest.xml:18:5-42
MERGED from [com.google.android.gms:play-services-basement:8.3.0] AndroidManifest.xml:18:5-42
MERGED from [com.android.support:support-v4:23.1.1] AndroidManifest.xml:20:5-43
MERGED from [com.google.android.gms:play-services-drive:8.3.0] AndroidManifest.xml:18:5-42
MERGED from [com.google.android.gms:play-services-base:8.3.0] AndroidManifest.xml:18:5-42
MERGED from [com.google.android.gms:play-services-basement:8.3.0] AndroidManifest.xml:18:5-42
MERGED from [com.android.support:support-v4:23.1.1] AndroidManifest.xml:20:5-43
MERGED from [com.google.android.gms:play-services-location:8.3.0] AndroidManifest.xml:18:5-42
MERGED from [com.google.android.gms:play-services-base:8.3.0] AndroidManifest.xml:18:5-42
MERGED from [com.google.android.gms:play-services-basement:8.3.0] AndroidManifest.xml:18:5-42
MERGED from [com.android.support:support-v4:23.1.1] AndroidManifest.xml:20:5-43
MERGED from [com.google.android.gms:play-services-maps:8.3.0] AndroidManifest.xml:26:5-42
MERGED from [com.google.android.gms:play-services-base:8.3.0] AndroidManifest.xml:18:5-42
MERGED from [com.google.android.gms:play-services-basement:8.3.0] AndroidManifest.xml:18:5-42
MERGED from [com.android.support:support-v4:23.1.1] AndroidManifest.xml:20:5-43
MERGED from [com.google.android.gms:play-services-auth:8.3.0] AndroidManifest.xml:18:5-43
MERGED from [com.google.android.gms:play-services-base:8.3.0] AndroidManifest.xml:18:5-42
MERGED from [com.google.android.gms:play-services-basement:8.3.0] AndroidManifest.xml:18:5-42
MERGED from [com.android.support:support-v4:23.1.1] AndroidManifest.xml:20:5-43
MERGED from [com.google.android.gms:play-services-plus:8.3.0] AndroidManifest.xml:18:5-42
MERGED from [com.google.android.gms:play-services-base:8.3.0] AndroidManifest.xml:18:5-42
MERGED from [com.google.android.gms:play-services-basement:8.3.0] AndroidManifest.xml:18:5-42
MERGED from [com.android.support:support-v4:23.1.1] AndroidManifest.xml:20:5-43
MERGED from [com.google.android.gms:play-services-gcm:8.3.0] AndroidManifest.xml:18:5-42
MERGED from [com.google.android.gms:play-services-base:8.3.0] AndroidManifest.xml:18:5-42
MERGED from [com.google.android.gms:play-services-basement:8.3.0] AndroidManifest.xml:18:5-42
MERGED from [com.android.support:support-v4:23.1.1] AndroidManifest.xml:20:5-43
MERGED from [com.google.android.gms:play-services-measurement:8.3.0] AndroidManifest.xml:18:5-42
MERGED from [com.google.android.gms:play-services-basement:8.3.0] AndroidManifest.xml:18:5-42
MERGED from [com.android.support:support-v4:23.1.1] AndroidManifest.xml:20:5-43
	android:targetSdkVersion
		ADDED from project/flowzr-android-black/AndroidManifest.xml:29:41-70
		INJECTED from project/flowzr-android-black/AndroidManifest.xml
		INJECTED from project/flowzr-android-black/AndroidManifest.xml
	android:minSdkVersion
		ADDED from project/flowzr-android-black/AndroidManifest.xml:29:15-40
		INJECTED from project/flowzr-android-black/AndroidManifest.xml
		INJECTED from project/flowzr-android-black/AndroidManifest.xml
supports-screens
ADDED from project/flowzr-android-black/AndroidManifest.xml:31:5-36:40
	android:resizeable
		ADDED from project/flowzr-android-black/AndroidManifest.xml:35:13-38
	android:largeScreens
		ADDED from project/flowzr-android-black/AndroidManifest.xml:34:13-40
	android:anyDensity
		ADDED from project/flowzr-android-black/AndroidManifest.xml:36:13-38
	android:normalScreens
		ADDED from project/flowzr-android-black/AndroidManifest.xml:33:13-41
	android:smallScreens
		ADDED from project/flowzr-android-black/AndroidManifest.xml:32:13-40
uses-feature#android.hardware.touchscreen
ADDED from project/flowzr-android-black/AndroidManifest.xml:38:5-90
	android:required
		ADDED from project/flowzr-android-black/AndroidManifest.xml:38:63-87
	android:name
		ADDED from project/flowzr-android-black/AndroidManifest.xml:38:19-62
uses-feature#android.hardware.camera
ADDED from project/flowzr-android-black/AndroidManifest.xml:39:5-85
	android:required
		ADDED from project/flowzr-android-black/AndroidManifest.xml:39:58-82
	android:name
		ADDED from project/flowzr-android-black/AndroidManifest.xml:39:19-57
uses-feature#android.hardware.location
ADDED from project/flowzr-android-black/AndroidManifest.xml:40:5-87
	android:required
		ADDED from project/flowzr-android-black/AndroidManifest.xml:40:60-84
	android:name
		ADDED from project/flowzr-android-black/AndroidManifest.xml:40:19-59
uses-feature#android.hardware.location.network
ADDED from project/flowzr-android-black/AndroidManifest.xml:41:5-95
	android:required
		ADDED from project/flowzr-android-black/AndroidManifest.xml:41:68-92
	android:name
		ADDED from project/flowzr-android-black/AndroidManifest.xml:41:19-67
uses-feature#android.hardware.location.gps
ADDED from project/flowzr-android-black/AndroidManifest.xml:42:5-91
	android:required
		ADDED from project/flowzr-android-black/AndroidManifest.xml:42:64-88
	android:name
		ADDED from project/flowzr-android-black/AndroidManifest.xml:42:19-63
permission#android.permission.STATUS_BAR_SERVICE
ADDED from project/flowzr-android-black/AndroidManifest.xml:43:2-105
	android:protectionLevel
		ADDED from project/flowzr-android-black/AndroidManifest.xml:43:67-102
	android:name
		ADDED from project/flowzr-android-black/AndroidManifest.xml:43:14-66
uses-permission#android.permission.ACCESS_COARSE_LOCATION
ADDED from project/flowzr-android-black/AndroidManifest.xml:44:5-80
	android:name
		ADDED from project/flowzr-android-black/AndroidManifest.xml:44:22-78
uses-permission#android.permission.ACCESS_FINE_LOCATION
ADDED from project/flowzr-android-black/AndroidManifest.xml:45:5-78
	android:name
		ADDED from project/flowzr-android-black/AndroidManifest.xml:45:22-76
uses-permission#android.permission.CAMERA
ADDED from project/flowzr-android-black/AndroidManifest.xml:46:5-65
	android:name
		ADDED from project/flowzr-android-black/AndroidManifest.xml:46:22-62
uses-permission#android.permission.INTERNET
ADDED from project/flowzr-android-black/AndroidManifest.xml:47:5-66
MERGED from [com.google.android.gms:play-services-maps:8.3.0] AndroidManifest.xml:21:5-66
MERGED from [com.google.android.gms:play-services-gcm:8.3.0] AndroidManifest.xml:22:5-67
MERGED from [com.google.android.gms:play-services-measurement:8.3.0] AndroidManifest.xml:21:5-67
	android:name
		ADDED from project/flowzr-android-black/AndroidManifest.xml:47:22-64
uses-permission#android.permission.RECEIVE_BOOT_COMPLETED
ADDED from project/flowzr-android-black/AndroidManifest.xml:48:5-81
	android:name
		ADDED from project/flowzr-android-black/AndroidManifest.xml:48:22-78
uses-permission#android.permission.VIBRATE
ADDED from project/flowzr-android-black/AndroidManifest.xml:49:5-65
	android:name
		ADDED from project/flowzr-android-black/AndroidManifest.xml:49:22-63
uses-permission#android.permission.WAKE_LOCK
ADDED from project/flowzr-android-black/AndroidManifest.xml:50:5-67
MERGED from [com.google.android.gms:play-services-measurement:8.3.0] AndroidManifest.xml:24:5-67
	android:name
		ADDED from project/flowzr-android-black/AndroidManifest.xml:50:22-65
uses-permission#com.android.launcher.permission.INSTALL_SHORTCUT
ADDED from project/flowzr-android-black/AndroidManifest.xml:51:5-87
	android:name
		ADDED from project/flowzr-android-black/AndroidManifest.xml:51:22-85
uses-permission#android.permission.WRITE_EXTERNAL_STORAGE
ADDED from project/flowzr-android-black/AndroidManifest.xml:52:5-80
	android:name
		ADDED from project/flowzr-android-black/AndroidManifest.xml:52:22-78
uses-permission#android.permission.ACCESS_NETWORK_STATE
ADDED from project/flowzr-android-black/AndroidManifest.xml:53:5-78
MERGED from [com.google.android.gms:play-services-maps:8.3.0] AndroidManifest.xml:20:5-78
MERGED from [com.google.android.gms:play-services-measurement:8.3.0] AndroidManifest.xml:22:5-79
	android:name
		ADDED from project/flowzr-android-black/AndroidManifest.xml:53:22-76
uses-permission#com.android.vending.BILLING
ADDED from project/flowzr-android-black/AndroidManifest.xml:54:5-67
	android:name
		ADDED from project/flowzr-android-black/AndroidManifest.xml:54:22-64
uses-permission#com.google.android.c2dm.permission.RECEIVE
ADDED from project/flowzr-android-black/AndroidManifest.xml:56:5-82
MERGED from [com.google.android.gms:play-services-gcm:8.3.0] AndroidManifest.xml:21:5-82
	android:name
		ADDED from project/flowzr-android-black/AndroidManifest.xml:56:22-79
permission#com.flowzr.permission.C2D_MESSAGE
ADDED from project/flowzr-android-black/AndroidManifest.xml:57:2-101
	android:protectionLevel
		ADDED from project/flowzr-android-black/AndroidManifest.xml:57:63-98
	android:name
		ADDED from project/flowzr-android-black/AndroidManifest.xml:57:14-62
uses-permission#com.flowzr.permission.C2D_MESSAGE
ADDED from project/flowzr-android-black/AndroidManifest.xml:58:5-72
	android:name
		ADDED from project/flowzr-android-black/AndroidManifest.xml:58:22-70
uses-permission#com.google.android.providers.gsf.permission.READ_GSERVICES
ADDED from project/flowzr-android-black/AndroidManifest.xml:59:2-94
	android:name
		ADDED from project/flowzr-android-black/AndroidManifest.xml:59:19-92
uses-permission#com.flowzr.permission.MAPS_RECEIVE
ADDED from project/flowzr-android-black/AndroidManifest.xml:60:5-73
	android:name
		ADDED from project/flowzr-android-black/AndroidManifest.xml:60:22-71
application
ADDED from project/flowzr-android-black/AndroidManifest.xml:62:5-375:16
MERGED from [com.android.support:appcompat-v7:23.1.1] AndroidManifest.xml:22:5-20
MERGED from [com.android.support:support-v4:23.1.1] AndroidManifest.xml:22:5-20
MERGED from [com.android.support:design:23.1.1] AndroidManifest.xml:22:5-20
MERGED from [com.android.support:appcompat-v7:23.1.1] AndroidManifest.xml:22:5-20
MERGED from [com.android.support:support-v4:23.1.1] AndroidManifest.xml:22:5-20
MERGED from [com.android.support:support-v4:23.1.1] AndroidManifest.xml:22:5-20
MERGED from [com.android.support:support-v4:23.1.1] AndroidManifest.xml:22:5-20
MERGED from [com.google.android.gms:play-services-basement:8.3.0] AndroidManifest.xml:20:5-24:19
MERGED from [com.android.support:support-v4:23.1.1] AndroidManifest.xml:22:5-20
MERGED from [com.google.android.gms:play-services-drive:8.3.0] AndroidManifest.xml:19:5-20
MERGED from [com.google.android.gms:play-services-basement:8.3.0] AndroidManifest.xml:20:5-24:19
MERGED from [com.android.support:support-v4:23.1.1] AndroidManifest.xml:22:5-20
MERGED from [com.google.android.gms:play-services-location:8.3.0] AndroidManifest.xml:19:5-20
MERGED from [com.google.android.gms:play-services-basement:8.3.0] AndroidManifest.xml:20:5-24:19
MERGED from [com.android.support:support-v4:23.1.1] AndroidManifest.xml:22:5-20
MERGED from [com.google.android.gms:play-services-maps:8.3.0] AndroidManifest.xml:27:5-20
MERGED from [com.google.android.gms:play-services-basement:8.3.0] AndroidManifest.xml:20:5-24:19
MERGED from [com.android.support:support-v4:23.1.1] AndroidManifest.xml:22:5-20
MERGED from [com.google.android.gms:play-services-auth:8.3.0] AndroidManifest.xml:20:5-25:19
MERGED from [com.google.android.gms:play-services-basement:8.3.0] AndroidManifest.xml:20:5-24:19
MERGED from [com.android.support:support-v4:23.1.1] AndroidManifest.xml:22:5-20
MERGED from [com.google.android.gms:play-services-plus:8.3.0] AndroidManifest.xml:19:5-20
MERGED from [com.google.android.gms:play-services-basement:8.3.0] AndroidManifest.xml:20:5-24:19
MERGED from [com.android.support:support-v4:23.1.1] AndroidManifest.xml:22:5-20
MERGED from [com.google.android.gms:play-services-gcm:8.3.0] AndroidManifest.xml:24:5-20
MERGED from [com.google.android.gms:play-services-basement:8.3.0] AndroidManifest.xml:20:5-24:19
MERGED from [com.android.support:support-v4:23.1.1] AndroidManifest.xml:22:5-20
MERGED from [com.google.android.gms:play-services-measurement:8.3.0] AndroidManifest.xml:26:5-46:19
MERGED from [com.google.android.gms:play-services-basement:8.3.0] AndroidManifest.xml:20:5-24:19
MERGED from [com.android.support:support-v4:23.1.1] AndroidManifest.xml:22:5-20
	android:label
		ADDED from project/flowzr-android-black/AndroidManifest.xml:63:43-75
	android:icon
		ADDED from project/flowzr-android-black/AndroidManifest.xml:63:13-42
	android:theme
		ADDED from project/flowzr-android-black/AndroidManifest.xml:62:18-57
	android:description
		ADDED from project/flowzr-android-black/AndroidManifest.xml:64:7-52
	android:name
		ADDED from project/flowzr-android-black/AndroidManifest.xml:65:13-72
uses-library#com.google.android.maps
ADDED from project/flowzr-android-black/AndroidManifest.xml:67:3-58
	android:name
		ADDED from project/flowzr-android-black/AndroidManifest.xml:67:17-55
meta-data#com.google.android.gms.version
ADDED from project/flowzr-android-black/AndroidManifest.xml:69:4-117
MERGED from [com.google.android.gms:play-services-basement:8.3.0] AndroidManifest.xml:21:9-23:69
MERGED from [com.google.android.gms:play-services-basement:8.3.0] AndroidManifest.xml:21:9-23:69
MERGED from [com.google.android.gms:play-services-basement:8.3.0] AndroidManifest.xml:21:9-23:69
MERGED from [com.google.android.gms:play-services-basement:8.3.0] AndroidManifest.xml:21:9-23:69
MERGED from [com.google.android.gms:play-services-basement:8.3.0] AndroidManifest.xml:21:9-23:69
MERGED from [com.google.android.gms:play-services-basement:8.3.0] AndroidManifest.xml:21:9-23:69
MERGED from [com.google.android.gms:play-services-basement:8.3.0] AndroidManifest.xml:21:9-23:69
MERGED from [com.google.android.gms:play-services-basement:8.3.0] AndroidManifest.xml:21:9-23:69
	android:name
		ADDED from project/flowzr-android-black/AndroidManifest.xml:69:15-60
	android:value
		ADDED from project/flowzr-android-black/AndroidManifest.xml:69:61-114
meta-data#com.google.android.maps.v2.API_KEY
ADDED from project/flowzr-android-black/AndroidManifest.xml:76:9-77:78
	android:name
		ADDED from project/flowzr-android-black/AndroidManifest.xml:76:20-69
	android:value
		ADDED from project/flowzr-android-black/AndroidManifest.xml:77:21-76
receiver#com.flowzr.activity.AccountWidget
ADDED from project/flowzr-android-black/AndroidManifest.xml:80:3-86:14
	android:label
		ADDED from project/flowzr-android-black/AndroidManifest.xml:80:52-86
	android:name
		ADDED from project/flowzr-android-black/AndroidManifest.xml:80:13-51
intent-filter#android.appwidget.action.APPWIDGET_UPDATE+com.flowzr.UPDATE_WIDGET
ADDED from project/flowzr-android-black/AndroidManifest.xml:81:7-84:23
action#android.appwidget.action.APPWIDGET_UPDATE
ADDED from project/flowzr-android-black/AndroidManifest.xml:82:11-78
	android:name
		ADDED from project/flowzr-android-black/AndroidManifest.xml:82:19-75
action#com.flowzr.UPDATE_WIDGET
ADDED from project/flowzr-android-black/AndroidManifest.xml:83:17-67
	android:name
		ADDED from project/flowzr-android-black/AndroidManifest.xml:83:25-64
meta-data#android.appwidget.provider
ADDED from project/flowzr-android-black/AndroidManifest.xml:85:7-97
	android:resource
		ADDED from project/flowzr-android-black/AndroidManifest.xml:85:60-94
	android:name
		ADDED from project/flowzr-android-black/AndroidManifest.xml:85:18-59
receiver#com.flowzr.activity.AccountWidget3x1
ADDED from project/flowzr-android-black/AndroidManifest.xml:88:9-94:20
	android:label
		ADDED from project/flowzr-android-black/AndroidManifest.xml:88:61-95
	android:name
		ADDED from project/flowzr-android-black/AndroidManifest.xml:88:19-60
receiver#com.flowzr.activity.AccountWidget4x1
ADDED from project/flowzr-android-black/AndroidManifest.xml:96:9-102:20
	android:label
		ADDED from project/flowzr-android-black/AndroidManifest.xml:96:61-95
	android:name
		ADDED from project/flowzr-android-black/AndroidManifest.xml:96:19-60
receiver#com.flowzr.activity.ScheduledAlarmReceiver
ADDED from project/flowzr-android-black/AndroidManifest.xml:104:3-111:16
	android:name
		ADDED from project/flowzr-android-black/AndroidManifest.xml:104:13-70
intent-filter#android.intent.action.BOOT_COMPLETED+com.flowzr.SCHEDULED_ALARM+com.flowzr.SCHEDULED_BACKUP+com.flowzr.SCHEDULED_SYNC
ADDED from project/flowzr-android-black/AndroidManifest.xml:105:7-110:23
action#com.flowzr.SCHEDULED_ALARM
ADDED from project/flowzr-android-black/AndroidManifest.xml:106:11-63
	android:name
		ADDED from project/flowzr-android-black/AndroidManifest.xml:106:19-60
action#com.flowzr.SCHEDULED_BACKUP
ADDED from project/flowzr-android-black/AndroidManifest.xml:107:17-70
	android:name
		ADDED from project/flowzr-android-black/AndroidManifest.xml:107:25-67
action#com.flowzr.SCHEDULED_SYNC
ADDED from project/flowzr-android-black/AndroidManifest.xml:108:17-68
	android:name
		ADDED from project/flowzr-android-black/AndroidManifest.xml:108:25-65
action#android.intent.action.BOOT_COMPLETED
ADDED from project/flowzr-android-black/AndroidManifest.xml:109:11-73
	android:name
		ADDED from project/flowzr-android-black/AndroidManifest.xml:109:19-70
receiver#com.flowzr.export.flowzr.GcmBroadcastReceiver
ADDED from project/flowzr-android-black/AndroidManifest.xml:113:9-120:20
	android:permission
		ADDED from project/flowzr-android-black/AndroidManifest.xml:115:13-73
	android:name
		ADDED from project/flowzr-android-black/AndroidManifest.xml:114:13-63
intent-filter#com.flowzr+com.google.android.c2dm.intent.RECEIVE
ADDED from project/flowzr-android-black/AndroidManifest.xml:116:13-119:29
action#com.google.android.c2dm.intent.RECEIVE
ADDED from project/flowzr-android-black/AndroidManifest.xml:117:17-81
	android:name
		ADDED from project/flowzr-android-black/AndroidManifest.xml:117:25-78
category#com.flowzr
ADDED from project/flowzr-android-black/AndroidManifest.xml:118:17-55
	android:name
		ADDED from project/flowzr-android-black/AndroidManifest.xml:118:27-52
service#com.flowzr.export.flowzr.GCMIntentService
ADDED from project/flowzr-android-black/AndroidManifest.xml:121:9-67
	android:name
		ADDED from project/flowzr-android-black/AndroidManifest.xml:121:18-64
receiver#com.flowzr.activity.PackageReplaceReceiver
ADDED from project/flowzr-android-black/AndroidManifest.xml:124:3-129:16
	android:name
		ADDED from project/flowzr-android-black/AndroidManifest.xml:124:13-60
intent-filter#android.intent.action.PACKAGE_REPLACED
ADDED from project/flowzr-android-black/AndroidManifest.xml:125:4-128:20
action#android.intent.action.PACKAGE_REPLACED
ADDED from project/flowzr-android-black/AndroidManifest.xml:126:8-72
	android:name
		ADDED from project/flowzr-android-black/AndroidManifest.xml:126:16-69
data
ADDED from project/flowzr-android-black/AndroidManifest.xml:127:8-67
	android:path
		ADDED from project/flowzr-android-black/AndroidManifest.xml:127:39-64
	android:scheme
		ADDED from project/flowzr-android-black/AndroidManifest.xml:127:14-38
service#com.flowzr.service.FinancistoService
ADDED from project/flowzr-android-black/AndroidManifest.xml:131:3-140:13
	android:name
		ADDED from project/flowzr-android-black/AndroidManifest.xml:131:12-53
intent-filter#com.flowzr.ACTION_AUTO_BACKUP+com.flowzr.ACTION_AUTO_SYNC+com.flowzr.ACTION_SCHEDULE_AUTO_BACKUP+com.flowzr.ACTION_SCHEDULE_AUTO_SYNC+com.flowzr.SCHEDULE_ALL+com.flowzr.SCHEDULE_ONE
ADDED from project/flowzr-android-black/AndroidManifest.xml:132:13-139:29
action#com.flowzr.SCHEDULE_ONE
ADDED from project/flowzr-android-black/AndroidManifest.xml:133:17-66
	android:name
		ADDED from project/flowzr-android-black/AndroidManifest.xml:133:25-63
action#com.flowzr.SCHEDULE_ALL
ADDED from project/flowzr-android-black/AndroidManifest.xml:134:17-66
	android:name
		ADDED from project/flowzr-android-black/AndroidManifest.xml:134:25-63
action#com.flowzr.ACTION_SCHEDULE_AUTO_BACKUP
ADDED from project/flowzr-android-black/AndroidManifest.xml:135:17-81
	android:name
		ADDED from project/flowzr-android-black/AndroidManifest.xml:135:25-78
action#com.flowzr.ACTION_AUTO_BACKUP
ADDED from project/flowzr-android-black/AndroidManifest.xml:136:17-72
	android:name
		ADDED from project/flowzr-android-black/AndroidManifest.xml:136:25-69
action#com.flowzr.ACTION_SCHEDULE_AUTO_SYNC
ADDED from project/flowzr-android-black/AndroidManifest.xml:137:17-79
	android:name
		ADDED from project/flowzr-android-black/AndroidManifest.xml:137:25-76
action#com.flowzr.ACTION_AUTO_SYNC
ADDED from project/flowzr-android-black/AndroidManifest.xml:138:17-70
	android:name
		ADDED from project/flowzr-android-black/AndroidManifest.xml:138:25-67
activity#com.flowzr.activity.MainActivity
ADDED from project/flowzr-android-black/AndroidManifest.xml:142:3-149:14
	android:label
		ADDED from project/flowzr-android-black/AndroidManifest.xml:142:51-83
	android:configChanges
		ADDED from project/flowzr-android-black/AndroidManifest.xml:143:13-74
	android:taskAffinity
		ADDED from project/flowzr-android-black/AndroidManifest.xml:144:13-49
	android:name
		ADDED from project/flowzr-android-black/AndroidManifest.xml:142:13-50
intent-filter#android.intent.action.MAIN+android.intent.category.LAUNCHER
ADDED from project/flowzr-android-black/AndroidManifest.xml:145:4-148:20
action#android.intent.action.MAIN
ADDED from project/flowzr-android-black/AndroidManifest.xml:146:5-57
	android:name
		ADDED from project/flowzr-android-black/AndroidManifest.xml:146:13-54
category#android.intent.category.LAUNCHER
ADDED from project/flowzr-android-black/AndroidManifest.xml:147:5-65
	android:name
		ADDED from project/flowzr-android-black/AndroidManifest.xml:147:15-62
activity#com.flowzr.activity.TransactionActivity
ADDED from project/flowzr-android-black/AndroidManifest.xml:151:3-161:14
	android:windowSoftInputMode
		ADDED from project/flowzr-android-black/AndroidManifest.xml:154:4-64
	android:label
		ADDED from project/flowzr-android-black/AndroidManifest.xml:152:49-84
	android:configChanges
		ADDED from project/flowzr-android-black/AndroidManifest.xml:153:4-65
	android:taskAffinity
		ADDED from project/flowzr-android-black/AndroidManifest.xml:155:4-47
	android:name
		ADDED from project/flowzr-android-black/AndroidManifest.xml:152:4-48
intent-filter#android.intent.action.MAIN+android.intent.category.DEFAULT+com.flowzr.NEW_TRANSACTION
ADDED from project/flowzr-android-black/AndroidManifest.xml:156:4-160:20
action#com.flowzr.NEW_TRANSACTION
ADDED from project/flowzr-android-black/AndroidManifest.xml:158:5-57
	android:name
		ADDED from project/flowzr-android-black/AndroidManifest.xml:158:13-54
category#android.intent.category.DEFAULT
ADDED from project/flowzr-android-black/AndroidManifest.xml:159:5-64
	android:name
		ADDED from project/flowzr-android-black/AndroidManifest.xml:159:15-61
activity#com.flowzr.activity.TransferActivity
ADDED from project/flowzr-android-black/AndroidManifest.xml:163:3-173:14
	android:windowSoftInputMode
		ADDED from project/flowzr-android-black/AndroidManifest.xml:166:4-64
	android:label
		ADDED from project/flowzr-android-black/AndroidManifest.xml:164:46-78
	android:configChanges
		ADDED from project/flowzr-android-black/AndroidManifest.xml:165:4-65
	android:taskAffinity
		ADDED from project/flowzr-android-black/AndroidManifest.xml:167:4-44
	android:name
		ADDED from project/flowzr-android-black/AndroidManifest.xml:164:4-45
intent-filter#android.intent.action.MAIN+android.intent.category.DEFAULT+com.flowzr.NEW_TRANSFER
ADDED from project/flowzr-android-black/AndroidManifest.xml:168:4-172:20
action#com.flowzr.NEW_TRANSFER
ADDED from project/flowzr-android-black/AndroidManifest.xml:170:5-54
	android:name
		ADDED from project/flowzr-android-black/AndroidManifest.xml:170:13-51
activity#com.flowzr.activity.PinActivity
ADDED from project/flowzr-android-black/AndroidManifest.xml:175:3-176:36
	android:label
		ADDED from project/flowzr-android-black/AndroidManifest.xml:175:50-83
	android:name
		ADDED from project/flowzr-android-black/AndroidManifest.xml:175:13-49
	android:launchMode
		ADDED from project/flowzr-android-black/AndroidManifest.xml:176:4-34
activity#com.flowzr.activity.BlotterActivity
ADDED from project/flowzr-android-black/AndroidManifest.xml:178:3-179:14
	android:label
		ADDED from project/flowzr-android-black/AndroidManifest.xml:178:54-85
	android:name
		ADDED from project/flowzr-android-black/AndroidManifest.xml:178:13-53
activity#com.flowzr.activity.PlannerActivity
ADDED from project/flowzr-android-black/AndroidManifest.xml:181:9-182:20
	android:label
		ADDED from project/flowzr-android-black/AndroidManifest.xml:181:60-91
	android:name
		ADDED from project/flowzr-android-black/AndroidManifest.xml:181:19-59
activity#com.flowzr.activity.MassOpActivity
ADDED from project/flowzr-android-black/AndroidManifest.xml:184:9-185:20
	android:label
		ADDED from project/flowzr-android-black/AndroidManifest.xml:184:59-98
	android:name
		ADDED from project/flowzr-android-black/AndroidManifest.xml:184:19-58
activity#com.flowzr.activity.LocationActivity
ADDED from project/flowzr-android-black/AndroidManifest.xml:187:3-89
	android:label
		ADDED from project/flowzr-android-black/AndroidManifest.xml:187:55-87
	android:name
		ADDED from project/flowzr-android-black/AndroidManifest.xml:187:13-54
activity#com.flowzr.activity.ExchangeRateActivity
ADDED from project/flowzr-android-black/AndroidManifest.xml:189:9-191:20
	android:label
		ADDED from project/flowzr-android-black/AndroidManifest.xml:189:65-102
	android:configChanges
		ADDED from project/flowzr-android-black/AndroidManifest.xml:190:19-80
	android:name
		ADDED from project/flowzr-android-black/AndroidManifest.xml:189:19-64
activity#com.flowzr.activity.RecurrenceActivity
ADDED from project/flowzr-android-black/AndroidManifest.xml:193:5-195:28
	android:label
		ADDED from project/flowzr-android-black/AndroidManifest.xml:193:59-88
	android:configChanges
		ADDED from project/flowzr-android-black/AndroidManifest.xml:194:8-58
	android:name
		ADDED from project/flowzr-android-black/AndroidManifest.xml:193:15-58
activity#com.flowzr.activity.RecurActivity
ADDED from project/flowzr-android-black/AndroidManifest.xml:197:5-199:17
	android:label
		ADDED from project/flowzr-android-black/AndroidManifest.xml:197:54-83
	android:configChanges
		ADDED from project/flowzr-android-black/AndroidManifest.xml:198:4-54
	android:name
		ADDED from project/flowzr-android-black/AndroidManifest.xml:197:15-53
activity#com.flowzr.activity.NotificationOptionsActivity
ADDED from project/flowzr-android-black/AndroidManifest.xml:201:3-203:15
	android:label
		ADDED from project/flowzr-android-black/AndroidManifest.xml:201:66-102
	android:configChanges
		ADDED from project/flowzr-android-black/AndroidManifest.xml:202:5-55
	android:name
		ADDED from project/flowzr-android-black/AndroidManifest.xml:201:13-65
activity#com.flowzr.activity.AccountActivity
ADDED from project/flowzr-android-black/AndroidManifest.xml:205:3-207:14
	android:label
		ADDED from project/flowzr-android-black/AndroidManifest.xml:205:54-85
	android:configChanges
		ADDED from project/flowzr-android-black/AndroidManifest.xml:206:4-65
	android:name
		ADDED from project/flowzr-android-black/AndroidManifest.xml:205:13-53
activity#com.flowzr.activity.ReportActivity
ADDED from project/flowzr-android-black/AndroidManifest.xml:210:3-211:67
	android:label
		ADDED from project/flowzr-android-black/AndroidManifest.xml:210:53-83
	android:configChanges
		ADDED from project/flowzr-android-black/AndroidManifest.xml:211:4-65
	android:name